Using pre-set license
Built from '2020.2/staging' branch; Version is '2020.2.7f1 (c53830e277f1) revision 12924976'; Using compiler version '192528614'; Build Type 'Release'
OS: 'Windows 10 Pro; OS build 19041.1415; Version 2004; 64bit' Language: 'en' Physical Memory: 8107 MB
BatchMode: 1, IsHumanControllingUs: 0, StartBugReporterOnCrash: 0, Is64bit: 1, IsPro: 0

 COMMAND LINE ARGUMENTS:
D:\Unity\2020.2.7f1\Editor\Unity.exe
-adb2
-batchMode
-noUpm
-name
AssetImportWorker0
-projectPath
D:/Unity/Projects/3D/Mesh/ProceduralTerrainGeneration/New Unity Project
-logFile
Logs/AssetImportWorker0.log
-srvPort
50277
Successfully changed project path to: D:/Unity/Projects/3D/Mesh/ProceduralTerrainGeneration/New Unity Project
D:/Unity/Projects/3D/Mesh/ProceduralTerrainGeneration/New Unity Project
Using Asset Import Pipeline V2.
Refreshing native plugins compatible for Editor in 70.44 ms, found 0 plugins.
Preloading 0 native plugins for Editor in 0.00 ms.
Initialize engine version: 2020.2.7f1 (c53830e277f1)
[Subsystems] Discovering subsystems at path D:/Unity/2020.2.7f1/Editor/Data/Resources/UnitySubsystems
[Subsystems] Discovering subsystems at path D:/Unity/Projects/3D/Mesh/ProceduralTerrainGeneration/New Unity Project/Assets
GfxDevice: creating device client; threaded=0
Direct3D:
    Version:  Direct3D 11.0 [level 11.1]
    Renderer: Radeon (TM) RX 480 Graphics (ID=0x67df)
    Vendor:   
    VRAM:     8171 MB
    Driver:   30.0.13023.1012
Initialize mono
Mono path[0] = 'D:/Unity/2020.2.7f1/Editor/Data/Managed'
Mono path[1] = 'D:/Unity/2020.2.7f1/Editor/Data/MonoBleedingEdge/lib/mono/unityjit'
Mono config path = 'D:/Unity/2020.2.7f1/Editor/Data/MonoBleedingEdge/etc'
Using monoOptions --debugger-agent=transport=dt_socket,embedding=1,server=y,suspend=n,address=127.0.0.1:56752
Begin MonoManager ReloadAssembly
Registering precompiled unity dll's ...
Register platform support module: D:/Unity/2020.2.7f1/Editor/Data/PlaybackEngines/WindowsStandaloneSupport/UnityEditor.WindowsStandalone.Extensions.dll
Registered in 0.018739 seconds.
Native extension for WindowsStandalone target not found
Refreshing native plugins compatible for Editor in 32.38 ms, found 0 plugins.
Preloading 0 native plugins for Editor in 0.00 ms.
Invoked RoslynAnalysisRunner static constructor.
RoslynAnalysisRunner will not be running.
RoslynAnalysisRunner has terminated.
Mono: successfully reloaded assembly
- Completed reload, in 12.925 seconds
Platform modules already initialized, skipping
Registering precompiled user dll's ...
Registered in 0.019964 seconds.
Begin MonoManager ReloadAssembly
Native extension for WindowsStandalone target not found
Refreshing native plugins compatible for Editor in 0.29 ms, found 0 plugins.
Preloading 0 native plugins for Editor in 0.00 ms.
Invoked RoslynAnalysisRunner static constructor.
RoslynAnalysisRunner will not be running.
RoslynAnalysisRunner has terminated.
Mono: successfully reloaded assembly
- Completed reload, in  1.629 seconds
Platform modules already initialized, skipping
========================================================================
Worker process is ready to serve import requests
Launched and connected shader compiler UnityShaderCompiler.exe after 0.20 seconds
Refreshing native plugins compatible for Editor in 0.32 ms, found 0 plugins.
Preloading 0 native plugins for Editor in 0.00 ms.
Unloading 1117 Unused Serialized files (Serialized files now loaded: 0)
System memory in use before: 58.0 MB.
System memory in use after: 58.1 MB.

Unloading 10 unused Assets to reduce memory usage. Loaded Objects now: 1565.
Total: 2.446000 ms (FindLiveObjects: 0.277200 ms CreateObjectMapping: 0.114900 ms MarkObjects: 1.888500 ms  DeleteObjects: 0.162600 ms)

========================================================================
Received Import Request.
  path: Assets/ScriptableObjects/Terrain/PropertiesSO.asset
  artifactKey: Guid(a19833d89b64d0048be2de43a5b047b7) Importer(815301076,1909f56bfc062723c751e8b465ee728b)
Start importing Assets/ScriptableObjects/Terrain/PropertiesSO.asset using Guid(a19833d89b64d0048be2de43a5b047b7) Importer(815301076,1909f56bfc062723c751e8b465ee728b)  -> (artifact id: '81af613813f13146db04f8aa648acd8a') in 0.115245 seconds
  Import took 0.146895 seconds .

========================================================================
Received Import Request.
  Time since last request: 233.253776 seconds.
  path: Assets/Scripts/ProceduralTerrain.cs
  artifactKey: Guid(43976ce11d8334f4d92538360cb9c920) Importer(815301076,1909f56bfc062723c751e8b465ee728b)
Start importing Assets/Scripts/ProceduralTerrain.cs using Guid(43976ce11d8334f4d92538360cb9c920) Importer(815301076,1909f56bfc062723c751e8b465ee728b)  -> (artifact id: '272f40611610728e0e1c0c784a653af1') in 0.152356 seconds
  Import took 0.181114 seconds .

========================================================================
Received Import Request.
  Time since last request: 13.364240 seconds.
  path: Assets/Scripts/New Gizmo Settings SO.asset
  artifactKey: Guid(cf66f27e2eb1f0f4b86f500f0706a615) Importer(815301076,1909f56bfc062723c751e8b465ee728b)
Start importing Assets/Scripts/New Gizmo Settings SO.asset using Guid(cf66f27e2eb1f0f4b86f500f0706a615) Importer(815301076,1909f56bfc062723c751e8b465ee728b)  -> (artifact id: 'f7e6a8adbc3e6548f4c87e65650b8da2') in 0.010027 seconds
  Import took 0.013809 seconds .

========================================================================
Received Import Request.
  Time since last request: 3.978913 seconds.
  path: Assets/Scripts/New Terrain Properties SO.asset
  artifactKey: Guid(b9df2c3eeb602b8499b4f8b907c1ae88) Importer(815301076,1909f56bfc062723c751e8b465ee728b)
Start importing Assets/Scripts/New Terrain Properties SO.asset using Guid(b9df2c3eeb602b8499b4f8b907c1ae88) Importer(815301076,1909f56bfc062723c751e8b465ee728b)  -> (artifact id: '7031dd3c03a778f574e34fcad2e295a7') in 0.011673 seconds
  Import took 0.021898 seconds .

========================================================================
Received Prepare
Registering precompiled user dll's ...
Registered in 0.000720 seconds.
Begin MonoManager ReloadAssembly
Native extension for WindowsStandalone target not found
Refreshing native plugins compatible for Editor in 0.20 ms, found 0 plugins.
Preloading 0 native plugins for Editor in 0.00 ms.
Invoked RoslynAnalysisRunner static constructor.
RoslynAnalysisRunner will not be running.
RoslynAnalysisRunner has terminated.
Mono: successfully reloaded assembly
- Completed reload, in  0.804 seconds
Platform modules already initialized, skipping
Refreshing native plugins compatible for Editor in 0.26 ms, found 0 plugins.
Preloading 0 native plugins for Editor in 0.00 ms.
Unloading 1112 Unused Serialized files (Serialized files now loaded: 0)
System memory in use before: 58.0 MB.
System memory in use after: 58.1 MB.

Unloading 5 unused Assets to reduce memory usage. Loaded Objects now: 1568.
Total: 2.626300 ms (FindLiveObjects: 0.199700 ms CreateObjectMapping: 0.045000 ms MarkObjects: 2.279800 ms  DeleteObjects: 0.099500 ms)

========================================================================
Received Prepare
Registering precompiled user dll's ...
Registered in 0.000635 seconds.
Begin MonoManager ReloadAssembly
Native extension for WindowsStandalone target not found
Refreshing native plugins compatible for Editor in 0.20 ms, found 0 plugins.
Preloading 0 native plugins for Editor in 0.00 ms.
Invoked RoslynAnalysisRunner static constructor.
RoslynAnalysisRunner will not be running.
RoslynAnalysisRunner has terminated.
Mono: successfully reloaded assembly
- Completed reload, in  0.809 seconds
Platform modules already initialized, skipping
Refreshing native plugins compatible for Editor in 0.20 ms, found 0 plugins.
Preloading 0 native plugins for Editor in 0.00 ms.
Unloading 1112 Unused Serialized files (Serialized files now loaded: 0)
System memory in use before: 58.1 MB.
System memory in use after: 58.2 MB.

Unloading 5 unused Assets to reduce memory usage. Loaded Objects now: 1571.
Total: 2.036800 ms (FindLiveObjects: 0.232500 ms CreateObjectMapping: 0.038100 ms MarkObjects: 1.663800 ms  DeleteObjects: 0.101100 ms)

========================================================================
Received Prepare
Registering precompiled user dll's ...
Registered in 0.000570 seconds.
Begin MonoManager ReloadAssembly
Native extension for WindowsStandalone target not found
Refreshing native plugins compatible for Editor in 0.27 ms, found 0 plugins.
Preloading 0 native plugins for Editor in 0.00 ms.
Invoked RoslynAnalysisRunner static constructor.
RoslynAnalysisRunner will not be running.
RoslynAnalysisRunner has terminated.
Mono: successfully reloaded assembly
- Completed reload, in  0.854 seconds
Platform modules already initialized, skipping
Refreshing native plugins compatible for Editor in 0.24 ms, found 0 plugins.
Preloading 0 native plugins for Editor in 0.00 ms.
Unloading 1112 Unused Serialized files (Serialized files now loaded: 0)
System memory in use before: 58.1 MB.
System memory in use after: 58.2 MB.

Unloading 5 unused Assets to reduce memory usage. Loaded Objects now: 1574.
Total: 2.193800 ms (FindLiveObjects: 0.201600 ms CreateObjectMapping: 0.099900 ms MarkObjects: 1.790800 ms  DeleteObjects: 0.100300 ms)

========================================================================
Received Prepare
Registering precompiled user dll's ...
Registered in 0.000584 seconds.
Begin MonoManager ReloadAssembly
Native extension for WindowsStandalone target not found
Refreshing native plugins compatible for Editor in 0.48 ms, found 0 plugins.
Preloading 0 native plugins for Editor in 0.00 ms.
Invoked RoslynAnalysisRunner static constructor.
RoslynAnalysisRunner will not be running.
RoslynAnalysisRunner has terminated.
Mono: successfully reloaded assembly
- Completed reload, in  0.839 seconds
Platform modules already initialized, skipping
Refreshing native plugins compatible for Editor in 0.19 ms, found 0 plugins.
Preloading 0 native plugins for Editor in 0.00 ms.
Unloading 1112 Unused Serialized files (Serialized files now loaded: 0)
System memory in use before: 58.1 MB.
System memory in use after: 58.2 MB.

Unloading 5 unused Assets to reduce memory usage. Loaded Objects now: 1577.
Total: 1.966900 ms (FindLiveObjects: 0.227800 ms CreateObjectMapping: 0.040600 ms MarkObjects: 1.606800 ms  DeleteObjects: 0.090500 ms)

========================================================================
Received Prepare
Registering precompiled user dll's ...
Registered in 0.000606 seconds.
Begin MonoManager ReloadAssembly
Native extension for WindowsStandalone target not found
Refreshing native plugins compatible for Editor in 0.21 ms, found 0 plugins.
Preloading 0 native plugins for Editor in 0.00 ms.
Invoked RoslynAnalysisRunner static constructor.
RoslynAnalysisRunner will not be running.
RoslynAnalysisRunner has terminated.
Mono: successfully reloaded assembly
- Completed reload, in  0.835 seconds
Platform modules already initialized, skipping
Refreshing native plugins compatible for Editor in 0.20 ms, found 0 plugins.
Preloading 0 native plugins for Editor in 0.00 ms.
Unloading 1112 Unused Serialized files (Serialized files now loaded: 0)
System memory in use before: 58.1 MB.
System memory in use after: 58.2 MB.

Unloading 5 unused Assets to reduce memory usage. Loaded Objects now: 1580.
Total: 2.350500 ms (FindLiveObjects: 0.244300 ms CreateObjectMapping: 0.040100 ms MarkObjects: 1.962100 ms  DeleteObjects: 0.102000 ms)

========================================================================
Received Prepare
Registering precompiled user dll's ...
Registered in 0.000623 seconds.
Begin MonoManager ReloadAssembly
Native extension for WindowsStandalone target not found
Refreshing native plugins compatible for Editor in 0.30 ms, found 0 plugins.
Preloading 0 native plugins for Editor in 0.00 ms.
Invoked RoslynAnalysisRunner static constructor.
RoslynAnalysisRunner will not be running.
RoslynAnalysisRunner has terminated.
Mono: successfully reloaded assembly
- Completed reload, in  0.837 seconds
Platform modules already initialized, skipping
Refreshing native plugins compatible for Editor in 0.20 ms, found 0 plugins.
Preloading 0 native plugins for Editor in 0.00 ms.
Unloading 1112 Unused Serialized files (Serialized files now loaded: 0)
System memory in use before: 58.1 MB.
System memory in use after: 58.2 MB.

Unloading 5 unused Assets to reduce memory usage. Loaded Objects now: 1583.
Total: 2.063400 ms (FindLiveObjects: 0.189900 ms CreateObjectMapping: 0.068700 ms MarkObjects: 1.706700 ms  DeleteObjects: 0.096200 ms)

========================================================================
Received Prepare
Registering precompiled user dll's ...
Registered in 0.000744 seconds.
Begin MonoManager ReloadAssembly
Native extension for WindowsStandalone target not found
Refreshing native plugins compatible for Editor in 0.27 ms, found 0 plugins.
Preloading 0 native plugins for Editor in 0.00 ms.
Invoked RoslynAnalysisRunner static constructor.
RoslynAnalysisRunner will not be running.
RoslynAnalysisRunner has terminated.
Mono: successfully reloaded assembly
- Completed reload, in  0.854 seconds
Platform modules already initialized, skipping
Refreshing native plugins compatible for Editor in 0.31 ms, found 0 plugins.
Preloading 0 native plugins for Editor in 0.00 ms.
Unloading 1112 Unused Serialized files (Serialized files now loaded: 0)
System memory in use before: 58.1 MB.
System memory in use after: 58.2 MB.

Unloading 5 unused Assets to reduce memory usage. Loaded Objects now: 1586.
Total: 2.390800 ms (FindLiveObjects: 0.217100 ms CreateObjectMapping: 0.043500 ms MarkObjects: 2.035700 ms  DeleteObjects: 0.093100 ms)

========================================================================
Received Import Request.
  Time since last request: 887.151275 seconds.
  path: Assets/Material/New Material.mat
  artifactKey: Guid(b6ae7a58158e95341bb69ace8a1cc108) Importer(815301076,1909f56bfc062723c751e8b465ee728b)
Start importing Assets/Material/New Material.mat using Guid(b6ae7a58158e95341bb69ace8a1cc108) Importer(815301076,1909f56bfc062723c751e8b465ee728b)  -> (artifact id: '41e9da180f26816c4b2d0dc0cf25fd0e') in 0.532140 seconds
  Import took 0.596134 seconds .

========================================================================
Received Prepare
Registering precompiled user dll's ...
Registered in 0.000598 seconds.
Begin MonoManager ReloadAssembly
Native extension for WindowsStandalone target not found
Refreshing native plugins compatible for Editor in 0.20 ms, found 0 plugins.
Preloading 0 native plugins for Editor in 0.00 ms.
Invoked RoslynAnalysisRunner static constructor.
RoslynAnalysisRunner will not be running.
RoslynAnalysisRunner has terminated.
Mono: successfully reloaded assembly
- Completed reload, in  0.916 seconds
Platform modules already initialized, skipping
Refreshing native plugins compatible for Editor in 0.19 ms, found 0 plugins.
Preloading 0 native plugins for Editor in 0.00 ms.
Unloading 1112 Unused Serialized files (Serialized files now loaded: 0)
System memory in use before: 61.5 MB.
System memory in use after: 61.5 MB.

Unloading 6 unused Assets to reduce memory usage. Loaded Objects now: 1629.
Total: 2.759600 ms (FindLiveObjects: 0.199400 ms CreateObjectMapping: 0.047700 ms MarkObjects: 2.407800 ms  DeleteObjects: 0.103400 ms)

